<?xml version="1.0" encoding="UTF-8"?>
<testsuite xmlns:xsi="http://www.w3.org/2001/XMLSchema-instance" xsi:schemaLocation="https://maven.apache.org/surefire/maven-surefire-plugin/xsd/surefire-test-report.xsd" name="onboarding.PlacementTest" time="1.125" tests="3" errors="3" skipped="0" failures="0">
  <properties>
    <property name="java.runtime.name" value="Java(TM) SE Runtime Environment"/>
    <property name="sun.boot.library.path" value="C:\Program Files\Java\jdk1.8.0_331\jre\bin"/>
    <property name="java.vm.version" value="25.331-b09"/>
    <property name="java.vm.vendor" value="Oracle Corporation"/>
    <property name="java.vendor.url" value="http://java.oracle.com/"/>
    <property name="path.separator" value=";"/>
    <property name="guice.disable.misplaced.annotation.check" value="true"/>
    <property name="java.vm.name" value="Java HotSpot(TM) 64-Bit Server VM"/>
    <property name="file.encoding.pkg" value="sun.io"/>
    <property name="user.script" value=""/>
    <property name="user.country" value="US"/>
    <property name="sun.java.launcher" value="SUN_STANDARD"/>
    <property name="sun.os.patch.level" value=""/>
    <property name="test" value="onboarding.PlacementTest"/>
    <property name="java.vm.specification.name" value="Java Virtual Machine Specification"/>
    <property name="user.dir" value="C:\Users\MSI\IdeaProjects\iStoria-automation-test\iStoria_automation"/>
    <property name="java.runtime.version" value="1.8.0_331-b09"/>
    <property name="java.awt.graphicsenv" value="sun.awt.Win32GraphicsEnvironment"/>
    <property name="java.endorsed.dirs" value="C:\Program Files\Java\jdk1.8.0_331\jre\lib\endorsed"/>
    <property name="os.arch" value="amd64"/>
    <property name="java.io.tmpdir" value="C:\Users\MSI\AppData\Local\Temp\"/>
    <property name="line.separator" value="&#10;"/>
    <property name="java.vm.specification.vendor" value="Oracle Corporation"/>
    <property name="user.variant" value=""/>
    <property name="os.name" value="Windows 10"/>
    <property name="maven.ext.class.path" value="C:\Program Files\NetBeans 8.2\java\maven-nblib\netbeans-eventspy.jar"/>
    <property name="classworlds.conf" value="C:\Program Files\NetBeans 8.2\java\maven\bin\m2.conf"/>
    <property name="sun.jnu.encoding" value="Cp1252"/>
    <property name="java.library.path" value="C:\Program Files\Java\jdk1.8.0_331\bin;C:\Windows\Sun\Java\bin;C:\Windows\system32;C:\Windows;C:\Windows\system32;C:\Windows;C:\Windows\System32\Wbem;C:\Windows\System32\WindowsPowerShell\v1.0\;C:\Windows\System32\OpenSSH\;C:\Program Files\Git\cmd;F:\xampp\php;C:\ProgramData\ComposerSetup\bin;C:\Users\MSI\AppData\Local\Android\Sdk;C:\Program Files (x86)\Java\jre1.8.0_333;C:\Program Files\Java\jdk1.8.0_331\bin;C:\Program Files\Java\jdk1.8.0_331\bin;C:\Users\MSI\AppData\Local\Microsoft\WindowsApps;C:\Users\MSI\AppData\Roaming\Composer\vendor\bin;G:\flutter\bin;C:\Users\MSI\platform-tools_r31.0.3-windows\platform-tools;C:\Users\MSI\Desktop\istoria-mobile;C:\Program Files\Java\jdk1.8.0_331\bin;C:\ProgramData\MSI\GitHubDesktop\bin;."/>
    <property name="java.specification.name" value="Java Platform API Specification"/>
    <property name="java.class.version" value="52.0"/>
    <property name="sun.management.compiler" value="HotSpot 64-Bit Tiered Compilers"/>
    <property name="os.version" value="10.0"/>
    <property name="jpda.listen" value="true"/>
    <property name="jpda.address" value="58043"/>
    <property name="user.home" value="C:\Users\MSI"/>
    <property name="user.timezone" value="Asia/Jerusalem"/>
    <property name="java.awt.printerjob" value="sun.awt.windows.WPrinterJob"/>
    <property name="java.specification.version" value="1.8"/>
    <property name="file.encoding" value="UTF-8"/>
    <property name="user.name" value="MSI"/>
    <property name="java.class.path" value="C:\Program Files\NetBeans 8.2\java\maven\boot\plexus-classworlds-2.4.jar"/>
    <property name="maven.surefire.debug" value="-Xdebug -Xrunjdwp:transport=dt_socket,server=n,address=58043"/>
    <property name="java.vm.specification.version" value="1.8"/>
    <property name="sun.arch.data.model" value="64"/>
    <property name="java.home" value="C:\Program Files\Java\jdk1.8.0_331\jre"/>
    <property name="sun.java.command" value="org.codehaus.plexus.classworlds.launcher.Launcher -Dtest=onboarding.PlacementTest -DforkMode=once -Dmaven.surefire.debug=-Xdebug -Xrunjdwp:transport=dt_socket,server=n,address=58043 -Djpda.listen=true -Djpda.address=58043 -Dmaven.ext.class.path=C:\Program Files\NetBeans 8.2\java\maven-nblib\netbeans-eventspy.jar -Dfile.encoding=UTF-8 surefire:test"/>
    <property name="java.specification.vendor" value="Oracle Corporation"/>
    <property name="user.language" value="en"/>
    <property name="awt.toolkit" value="sun.awt.windows.WToolkit"/>
    <property name="java.vm.info" value="mixed mode"/>
    <property name="java.version" value="1.8.0_331"/>
    <property name="java.ext.dirs" value="C:\Program Files\Java\jdk1.8.0_331\jre\lib\ext;C:\Windows\Sun\Java\lib\ext"/>
    <property name="sun.boot.class.path" value="C:\Program Files\Java\jdk1.8.0_331\jre\lib\resources.jar;C:\Program Files\Java\jdk1.8.0_331\jre\lib\rt.jar;C:\Program Files\Java\jdk1.8.0_331\jre\lib\sunrsasign.jar;C:\Program Files\Java\jdk1.8.0_331\jre\lib\jsse.jar;C:\Program Files\Java\jdk1.8.0_331\jre\lib\jce.jar;C:\Program Files\Java\jdk1.8.0_331\jre\lib\charsets.jar;C:\Program Files\Java\jdk1.8.0_331\jre\lib\jfr.jar;C:\Program Files\Java\jdk1.8.0_331\jre\classes"/>
    <property name="java.vendor" value="Oracle Corporation"/>
    <property name="maven.home" value="C:\Program Files\NetBeans 8.2\java\maven"/>
    <property name="file.separator" value="\"/>
    <property name="java.vendor.url.bug" value="http://bugreport.sun.com/bugreport/"/>
    <property name="forkMode" value="once"/>
    <property name="sun.cpu.endian" value="little"/>
    <property name="sun.io.unicode.encoding" value="UnicodeLittle"/>
    <property name="sun.desktop" value="windows"/>
    <property name="sun.cpu.isalist" value="amd64"/>
  </properties>
  <testcase name="test1_Placement_Test" classname="onboarding.PlacementTest" time="0.014">
    <error type="java.lang.NullPointerException">java.lang.NullPointerException
	at onboarding.PlacementTest.test1_Placement_Test(PlacementTest.java:52)
</error>
    <system-out><![CDATA[SignUpLayout Delay 10 seconds applied 
onboarding.PlacementTest.test1_Placement_Test Started -> **Failed** -> Finished
]]></system-out>
  </testcase>
  <testcase name="test2_Answer_Questions" classname="onboarding.PlacementTest" time="0.001">
    <error type="java.lang.NullPointerException">java.lang.NullPointerException
	at onboarding.PlacementTest.test2_Answer_Questions(PlacementTest.java:65)
</error>
    <system-out><![CDATA[onboarding.PlacementTest.test2_Answer_Questions Started -> **Failed** -> Finished
]]></system-out>
  </testcase>
  <testcase name="test3_Show_Result" classname="onboarding.PlacementTest" time="0">
    <error type="java.lang.NullPointerException">java.lang.NullPointerException
	at onboarding.PlacementTest.test3_Show_Result(PlacementTest.java:80)
</error>
    <system-out><![CDATA[onboarding.PlacementTest.test3_Show_Result Started -> **Failed** -> Finished
]]></system-out>
  </testcase>
</testsuite>